<?xml version="1.0" encoding="UTF-8"?>
<!-- Generated by org.testng.reporters.JUnitXMLReporter -->
<testsuite ignored="0" hostname="QSP" failures="1" tests="1" name="Test" time="0.124" errors="0" timestamp="2024-01-31T11:27:43 IST">
  <testcase classname="Parameterized.DifferentBrowsers" name="browsers" time="0.0">
    <failure type="org.testng.TestNGException" message="
Method browsers requires 2 parameters but 1 were supplied in the @Test annotation.">
      <![CDATA[org.testng.TestNGException: 
Method browsers requires 2 parameters but 1 were supplied in the @Test annotation.
at java.base/java.util.ArrayList.forEach(ArrayList.java:1511)
... Removed 26 stack frames]]>
    </failure>
  </testcase> <!-- browsers -->
</testsuite> <!-- Test -->
